<?xml version="1.0" encoding="UTF-8"?>
<!DOCTYPE coverage SYSTEM "http://cobertura.sourceforge.net/xml/coverage-04.dtd">
<coverage line-rate="0.712345" branch-rate="0" version="" timestamp="1626751813367" lines-covered="4" lines-valid="6" branches-covered="0" branches-valid="0" complexity="0">
    <sources>
        <source>/tmp/foo/bar</source>
    </sources>
    <packages>
        <package name="apache" line-rate="0.6123456" branch-rate="0" complexity="0">
            <classes>
                <class name="pipeline" filename="access" line-rate="1" branch-rate="0" complexity="0">
                    <methods>
                        <method name="test-access-event" signature="" line-rate="1" branch-rate="0" complexity="0">
                            <lines>
                                <line number="1" hits="1"></line>
                            </lines>
                        </method>
                        <method name="test-access-raw" signature="" line-rate="1" branch-rate="0" complexity="0">
                            <lines>
                                <line number="1" hits="1"></line>
                            </lines>
                        </method>
                        <method name="test-access-single" signature="" line-rate="1" branch-rate="0" complexity="0">
                            <lines>
                                <line number="1" hits="1"></line>
                            </lines>
                        </method>
                    </methods>
                </class>
                <class name="system" filename="access" line-rate="0" branch-rate="0" complexity="0">
                    <methods>
                        <method name="no-test" signature="" line-rate="0" branch-rate="0" complexity="0">
                            <lines>
                                <line number="1" hits="0"></line>
                            </lines>
                        </method>
                    </methods>
                </class>
                <class name="pipeline" filename="status" line-rate="0" branch-rate="0" complexity="0">
                    <methods>
                        <method name="no-test" signature="" line-rate="0" branch-rate="0" complexity="0">
                            <lines>
                                <line number="1" hits="0"></line>
                            </lines>
                        </method>
                    </methods>
                </class>
                <class name="system" filename="status" line-rate="1" branch-rate="0" complexity="0">
                    <methods>
                        <method name="test-default-config" signature="" line-rate="1" branch-rate="0" complexity="0">
                            <lines>
                                <line number="1" hits="1"></line>
                            </lines>
                        </method>
                    </methods>
                </class>
            </classes>
        </package>
        <package name="kubernetes" line-rate="0.5123456" branch-rate="0" complexity="0">
            <classes>
                <class name="pipeline" filename="pod" line-rate="1" branch-rate="0" complexity="0">
                    <methods>
                        <method name="test-access-event" signature="" line-rate="1" branch-rate="0" complexity="0">
                            <lines>
                                <line number="1" hits="1"></line>
                            </lines>
                        </method>
                        <method name="test-access-raw" signature="" line-rate="1" branch-rate="0" complexity="0">
                            <lines>
                                <line number="1" hits="1"></line>
                            </lines>
                        </method>
                        <method name="test-access-single" signature="" line-rate="1" branch-rate="0" complexity="0">
                            <lines>
                                <line number="1" hits="1"></line>
                            </lines>
                        </method>
                    </methods>
                </class>
                <class name="system" filename="pod" line-rate="0" branch-rate="0" complexity="0">
                    <methods>
                        <method name="no-test" signature="" line-rate="0" branch-rate="0" complexity="0">
                            <lines>
                                <line number="1" hits="0"></line>
                            </lines>
                        </method>
                    </methods>
                </class>
            </classes>
        </package>
        <package name="multiinput" line-rate="0.0" branch-rate="0" complexity="0">
            <classes>
                <class name="pipeline" filename="test" line-rate="0" branch-rate="0" complexity="0">
                    <methods>
                        <method name="no-test" signature="" line-rate="0" branch-rate="0" complexity="0">
                            <lines>
                                <line number="1" hits="0"></line>
                            </lines>
                        </method>
                    </methods>
                </class>
                <class name="system" filename="test" line-rate="0" branch-rate="0" complexity="0">
                    <methods>
                        <method name="no-test" signature="" line-rate="0" branch-rate="0" complexity="0">
                            <lines>
                                <line number="1" hits="0"></line>
                            </lines>
                        </method>
                    </methods>
                </class>
            </classes>
        </package>
    </packages>
</coverage>