<?xml version="1.0" encoding="UTF-8"?>
<!DOCTYPE coverage SYSTEM "http://cobertura.sourceforge.net/xml/coverage-04.dtd">
<coverage line-rate="0.712345" branch-rate="0" version="" timestamp="1626751813367" lines-covered="4" lines-valid="6" branches-covered="0" branches-valid="0" complexity="0">
    <sources>
        <source>/tmp/foo/bar</source>
    </sources>
    <packages>
        <package name="nginx" line-rate="1.0" branch-rate="0" complexity="0">
            <classes>
                <class name="pipeline" filename="nginx/access" line-rate="1" branch-rate="0" complexity="0">
                    <methods>
                        <method name="test-access-event" signature="" line-rate="1" branch-rate="0" complexity="0">
                            <lines>
                                <line number="1" hits="1"></line>
                            </lines>
                        </method>
                        <method name="test-access-raw" signature="" line-rate="1" branch-rate="0" complexity="0">
                            <lines>
                                <line number="2" hits="1"></line>
                            </lines>
                        </method>
                        <method name="test-access-single" signature="" line-rate="1" branch-rate="0" complexity="0">
                            <lines>
                                <line number="3" hits="1"></line>
                            </lines>
                        </method>
                    </methods>
                </class>
            </classes>
        </package>
    </packages>
</coverage>